Build started 10/8/2012 10:17:14 PM.
     1>Project "C:\Users\dan\sc2bot\D3D9CallbackSC2\d3d9CallbackSC2.vcxproj" on node 2 (Build target(s)).
     1>Link:
         C:\Program Files (x86)\Microsoft Visual Studio 11.0\VC\bin\link.exe /ERRORREPORT:PROMPT /OUT:"C:\Users\dan\sc2bot\D3D9CallbackSC2\DebugDLL\d3d9Callback.dll" /INCREMENTAL /NOLOGO libpng.lib zdll.lib d3dx9.lib ann.lib kernel32.lib user32.lib gdi32.lib winspool.lib comdlg32.lib advapi32.lib shell32.lib ole32.lib oleaut32.lib uuid.lib odbc32.lib odbccp32.lib /NODEFAULTLIB:LIBCMT.lib /MANIFEST /MANIFESTUAC:"level='asInvoker' uiAccess='false'" /manifest:embed /DEBUG /PDB:"C:\Users\dan\sc2bot\D3D9CallbackSC2\DebugDLL\d3d9Callback.pdb" /SUBSYSTEM:WINDOWS /TLBID:1 /DYNAMICBASE:NO /IMPLIB:"C:\Users\dan\sc2bot\D3D9CallbackSC2\DebugDLL\d3d9Callback.lib" /MACHINE:X86 /SAFESEH /DLL DebugDLL\AIParameters.obj
         DebugDLL\d3d9Callback.obj
         DebugDLL\Engine.obj
         DebugDLL\GlobalContext.obj
         DebugDLL\Main.obj
         DebugDLL\ManagerController.obj
         DebugDLL\ControlGroupManager.obj
         DebugDLL\DatabaseManager.obj
         DebugDLL\FrameHUDManager.obj
         DebugDLL\FrameUnitManager.obj
         DebugDLL\KeyboardMouseManager.obj
         DebugDLL\KnowledgeManager.obj
         DebugDLL\MinimapManager.obj
         DebugDLL\RenderManager.obj
         DebugDLL\StateManager.obj
         DebugDLL\TextureEntryManager.obj
         DebugDLL\ThoughtManager.obj
         DebugDLL\Buffers.obj
         DebugDLL\CapturedGeometry.obj
         DebugDLL\Constants.obj
         DebugDLL\EnumString.obj
         DebugDLL\EnumStringDirectX.obj
         DebugDLL\HelperFunctions.obj
         DebugDLL\HelperStructures.obj
         DebugDLL\ShaderObjects.obj
         DebugDLL\VertexShader.obj
         DebugDLL\VertexShaderSimulator.obj
         DebugDLL\ArmyCheckThread.obj
         DebugDLL\ArmyThread.obj
         DebugDLL\ChronoBoostThread.obj
         DebugDLL\ControlGroupCheckThread.obj
         DebugDLL\GasWorkerThread.obj
         DebugDLL\MicroThread.obj
         DebugDLL\OverlordThread.obj
         DebugDLL\ProductionThread.obj
         DebugDLL\QueenThread.obj
         DebugDLL\SearchThread.obj
         DebugDLL\WorkerThread.obj
         DebugDLL\Program.obj
         DebugDLL\ProgramArmy.obj
         DebugDLL\ProgramBaseSearch.obj
         DebugDLL\ProgramChronoBoost.obj
         DebugDLL\ProgramClick.obj
         DebugDLL\ProgramCompound.obj
         DebugDLL\ProgramControlGroupCheck.obj
         DebugDLL\ProgramGasWorker.obj
         DebugDLL\ProgramIdleWorker.obj
         DebugDLL\ProgramLargeControlGroupCheck.obj
         DebugDLL\ProgramMicroAll.obj
         DebugDLL\ProgramOverlord.obj
         DebugDLL\ProgramPressKey.obj
         DebugDLL\ProgramProduceUnitBase.obj
         DebugDLL\ProgramProduceUnitBuilding.obj
         DebugDLL\ProgramProduceUnitExtractor.obj
         DebugDLL\ProgramProduceUnitLarvae.obj
         DebugDLL\ProgramProduceUnitQueen.obj
         DebugDLL\ProgramProduceUnitQueue.obj
         DebugDLL\ProgramProduceUnitUpgrade.obj
         DebugDLL\ProgramQueen.obj
         DebugDLL\ProgramZergBaseUpgrade.obj
     1>AIParameters.obj : warning LNK4075: ignoring '/EDITANDCONTINUE' due to '/SAFESEH' specification
            Creating library C:\Users\dan\sc2bot\D3D9CallbackSC2\DebugDLL\d3d9Callback.lib and object C:\Users\dan\sc2bot\D3D9CallbackSC2\DebugDLL\d3d9Callback.exp
         d3d9CallbackSC2.vcxproj -> C:\Users\dan\sc2bot\D3D9CallbackSC2\DebugDLL\d3d9Callback.dll
     1>Done Building Project "C:\Users\dan\sc2bot\D3D9CallbackSC2\d3d9CallbackSC2.vcxproj" (Build target(s)).

Build succeeded.

Time Elapsed 00:00:02.83
